./asm_stat.sh: line 18: ./stats/: No such file or directory
Genome Size: 1,116,472,572 bp
Processing file pre_calann.fasta.fai

NG-XX values
NG	Size	Idx	Sum	NGVal
NG5	11,852,400	4	63,517,101	55,823,629
NG10	10,876,330	9	120,066,173	111,647,257
NG15	8,959,424	14	168,348,260	167,470,886
NG20	7,304,399	21	225,518,698	223,294,514
NG25	6,834,371	29	281,543,723	279,118,143
NG30	6,269,119	38	340,132,795	334,941,772
NG35	5,493,678	47	392,850,530	390,765,400
NG40	5,076,816	58	450,875,419	446,589,029
NG45	4,502,058	69	502,729,376	502,412,657
NG50	4,020,911	83	561,980,391	558,236,286
NG55	3,354,484	98	616,708,699	614,059,915
NG60	2,933,838	116	672,675,664	669,883,543
NG65	2,618,315	136	727,106,131	725,707,172
NG70	2,101,301	160	782,852,487	781,530,800
NG75	1,688,365	189	837,706,624	837,354,429
NG80	1,249,265	228	893,599,265	893,178,058
NG85	826,299	282	949,625,171	949,001,686
NG90	411,369	374	1,005,118,082	1,004,825,315
NG95	3,284	3164	1,060,649,041	1,060,648,943

Total num. bases:	1,105,676,412
Total num. contigs (scaffolds):	54,736
Max contig (scaffold) size:	23,311,805


N-XX values
N	Size	Idx	Sum	NVal
N5	11,852,400	4	63,517,101	55,283,821
N10	10,876,330	9	120,066,173	110,567,641
N15	8,959,424	14	168,348,260	165,851,462
N20	7,304,399	21	225,518,698	221,135,282
N25	6,834,371	29	281,543,723	276,419,103
N30	6,391,118	37	333,863,676	331,702,924
N35	5,601,350	46	387,356,852	386,986,744
N40	5,096,992	57	445,798,603	442,270,565
N45	4,515,306	68	498,227,318	497,554,385
N50	4,052,191	81	553,914,874	552,838,206
N55	3,396,551	96	609,991,315	608,122,027
N60	2,983,689	113	663,819,522	663,405,847
N65	2,636,204	133	719,244,705	718,689,668
N70	2,164,287	156	774,377,687	773,973,488
N75	1,720,479	185	830,906,487	829,257,309
N80	1,297,439	221	884,728,847	884,541,130
N85	891,863	271	940,139,819	939,824,950
N90	480,475	352	995,309,611	995,108,771
N95	8,430	951	1,050,399,849	1,050,392,591
N100	200	54736	1,105,676,412	1,105,676,412
Running time : 0 h 0 m 0 sec

Processing file pre_calann.fasta
Into pre_calann.gaps
Total number of gaps: 70084
Running time : 0 h 0 m 17 sec

./asm_stat.sh: line 46: module: command not found
Genome Size: 1,116,472,572 bp
Processing file pre_calann.contigs.len

NG-XX values
NG	Size	Idx	Sum	NGVal
NG5	89,705	497	55,904,350	55,823,629
NG10	70,897	1204	111,678,375	111,647,257
NG15	59,284	2071	167,519,053	167,470,886
NG20	51,636	3082	223,304,645	223,294,514
NG25	45,492	4236	279,141,815	279,118,143
NG30	40,596	5535	334,957,018	334,941,772
NG35	36,018	6995	390,788,328	390,765,400
NG40	32,166	8636	446,609,857	446,589,029
NG45	28,619	10476	502,413,114	502,412,657
NG50	25,312	12551	558,243,395	558,236,286
NG55	22,224	14906	614,062,223	614,059,915
NG60	19,366	17598	669,890,616	669,883,543
NG65	16,583	20711	725,709,026	725,707,172
NG70	13,923	24379	781,542,357	781,530,800
NG75	11,287	28823	837,362,805	837,354,429
NG80	8,486	34505	893,181,481	893,178,058
NG85	5,638	42485	949,003,366	949,001,686
NG90	2,663	56577	1,004,827,311	1,004,825,315
NG95	443	103299	1,060,649,235	1,060,648,943

Total num. bases:	1,067,027,607
Total num. contigs (scaffolds):	124,820
Max contig (scaffold) size:	303,710


N-XX values
N	Size	Idx	Sum	NVal
N5	91,062	469	53,378,817	53,351,380
N10	72,058	1135	106,745,459	106,702,761
N15	60,581	1947	160,090,659	160,054,141
N20	52,848	2893	213,429,818	213,405,521
N25	46,762	3968	266,794,919	266,756,902
N30	41,852	5176	320,147,027	320,108,282
N35	37,343	6523	373,470,730	373,459,662
N40	33,460	8033	426,832,184	426,811,043
N45	29,998	9717	480,168,072	480,162,423
N50	26,738	11601	533,515,908	533,513,804
N55	23,693	13721	586,882,360	586,865,184
N60	20,845	16121	640,223,468	640,216,564
N65	18,209	18860	693,578,090	693,567,945
N70	15,569	22031	746,919,560	746,919,325
N75	13,056	25768	800,272,328	800,270,705
N80	10,460	30319	853,627,852	853,622,086
N85	7,804	36200	906,977,865	906,973,466
N90	5,030	44610	960,328,421	960,324,846
N95	2,224	60211	1,013,676,677	1,013,676,227
N100	200	124820	1,067,027,607	1,067,027,607
Running time : 0 h 0 m 0 sec

Genome Size: 1,116,472,572 bp
Processing file -

NG-XX values
NG	Size	Idx	Sum	NGVal

Total num. bases:	38,648,805
Total num. contigs (scaffolds):	70,084
Max contig (scaffold) size:	20,935


N-XX values
N	Size	Idx	Sum	NVal
N5	10,043	172	1,939,232	1,932,440
N10	7,639	390	3,866,030	3,864,881
N15	5,749	685	5,802,635	5,797,321
N20	4,814	1054	7,732,778	7,729,761
N25	4,054	1491	9,662,723	9,662,201
N30	3,340	2018	11,596,560	11,594,642
N35	2,726	2659	13,528,490	13,527,082
N40	2,198	3452	15,461,356	15,459,522
N45	1,787	4431	17,392,661	17,391,962
N50	1,499	5616	19,325,248	19,324,403
N55	1,276	7017	21,257,314	21,256,843
N60	1,097	8651	23,189,308	23,189,283
N65	944	10553	25,122,586	25,121,723
N70	796	12782	27,054,922	27,054,164
N75	660	15445	28,986,748	28,986,604
N80	530	18706	30,919,167	30,919,044
N85	403	22874	32,851,868	32,851,484
N90	280	28602	34,784,125	34,783,925
N95	157	37679	36,716,491	36,716,365
N100	10	70084	38,648,805	38,648,805
Running time : 0 h 0 m 0 sec

