./asm_stat.sh: line 18: ./stats/: No such file or directory
Genome Size: 662,696,525 bp
Processing file pre_anates.fasta.fai

NG-XX values
NG	Size	Idx	Sum	NGVal
NG5	169,554	152	33,190,520	33,134,826
NG10	131,200	377	66,372,450	66,269,653
NG15	108,196	655	99,418,797	99,404,479
NG20	91,432	990	132,621,626	132,539,305
NG25	78,236	1382	165,736,741	165,674,131
NG30	67,303	1838	198,848,002	198,808,958
NG35	58,191	2368	231,981,502	231,943,784
NG40	49,452	2986	265,114,757	265,078,610
NG45	41,775	3716	298,245,597	298,213,436
NG50	35,346	4578	331,354,170	331,348,263
NG55	29,215	5608	364,511,550	364,483,089
NG60	23,206	6873	397,626,977	397,617,915
NG65	17,220	8530	430,763,973	430,752,741
NG70	11,840	10834	463,895,289	463,887,568
NG75	6,355	14591	497,024,052	497,022,394

Total num. bases:	524,844,595
Total num. contigs (scaffolds):	23,072
Max contig (scaffold) size:	436,107


N-XX values
N	Size	Idx	Sum	NVal
N5	180,940	113	26,364,735	26,242,230
N10	145,643	276	52,538,145	52,484,460
N15	122,340	475	78,757,133	78,726,689
N20	105,109	708	105,068,887	104,968,919
N25	91,954	975	131,245,825	131,211,149
N30	81,299	1279	157,514,371	157,453,379
N35	72,016	1621	183,704,152	183,695,608
N40	63,880	2007	209,940,056	209,937,838
N45	56,818	2441	236,182,247	236,180,068
N50	50,227	2932	262,422,387	262,422,298
N55	43,804	3492	288,673,413	288,664,527
N60	38,444	4132	314,919,038	314,906,757
N65	33,494	4863	341,151,172	341,148,987
N70	28,749	5708	367,408,963	367,391,217
N75	23,945	6704	393,639,651	393,633,446
N80	19,037	7929	419,890,402	419,875,676
N85	14,766	9494	446,124,270	446,117,906
N90	10,417	11595	472,369,654	472,360,136
N95	6,107	14845	498,606,808	498,602,365
N100	64	23072	524,844,595	524,844,595
Running time : 0 h 0 m 0 sec

Processing file pre_anates.fasta
Into pre_anates.gaps
Total number of gaps: 29147
Running time : 0 h 0 m 8 sec

./asm_stat.sh: line 46: module: command not found
Genome Size: 662,696,525 bp
Processing file pre_anates.contigs.len

NG-XX values
NG	Size	Idx	Sum	NGVal
NG5	63,661	406	33,187,261	33,134,826
NG10	49,311	1004	66,311,164	66,269,653
NG15	39,915	1755	99,437,156	99,404,479
NG20	33,764	2660	132,548,028	132,539,305
NG25	28,961	3722	165,694,128	165,674,131
NG30	24,958	4957	198,818,340	198,808,958
NG35	21,591	6385	231,965,198	231,943,784
NG40	18,542	8043	265,082,423	265,078,610
NG45	15,903	9974	298,226,994	298,213,436
NG50	13,490	12234	331,354,223	331,348,263
NG55	11,240	14921	364,493,797	364,483,089
NG60	9,159	18180	397,623,208	397,617,915
NG65	7,159	22264	430,758,424	430,752,741
NG70	5,190	27668	463,889,097	463,887,568
NG75	3,173	35729	497,022,405	497,022,394

Total num. bases:	523,783,392
Total num. contigs (scaffolds):	52,219
Max contig (scaffold) size:	181,002


N-XX values
N	Size	Idx	Sum	NVal
N5	69,392	301	26,218,534	26,189,170
N10	54,300	734	52,379,278	52,378,339
N15	45,495	1263	78,575,994	78,567,509
N20	38,781	1891	104,793,372	104,756,678
N25	33,998	2613	130,956,890	130,945,848
N30	30,191	3433	157,145,366	157,135,018
N35	26,705	4357	183,344,835	183,324,187
N40	23,816	5396	209,519,155	209,513,357
N45	21,182	6560	235,706,356	235,702,526
N50	18,817	7873	261,908,429	261,891,696
N55	16,707	9352	288,084,410	288,080,866
N60	14,746	11023	314,283,479	314,270,035
N65	12,862	12926	340,469,667	340,459,205
N70	11,106	15114	366,650,623	366,648,374
N75	9,466	17667	392,845,584	392,837,544
N80	7,867	20700	419,029,212	419,026,714
N85	6,311	24413	445,220,963	445,215,883
N90	4,752	29180	471,405,463	471,405,053
N95	3,136	35911	497,596,340	497,594,222
N100	64	52219	523,783,392	523,783,392
Running time : 0 h 0 m 0 sec

Genome Size: 662,696,525 bp
Processing file -

NG-XX values
NG	Size	Idx	Sum	NGVal

Total num. bases:	1,061,203
Total num. contigs (scaffolds):	29,147
Max contig (scaffold) size:	32,050


N-XX values
N	Size	Idx	Sum	NVal
N5	15,028	3	67,852	53,060
N10	260	18	106,168	106,120
N15	151	317	159,254	159,180
N20	127	702	212,345	212,241
N25	110	1151	265,384	265,301
N30	96	1668	318,412	318,361
N35	82	2265	371,432	371,421
N40	70	2963	424,551	424,481
N45	59	3786	477,555	477,541
N50	47	4785	530,627	530,602
N55	36	6072	583,672	583,662
N60	22	7938	636,728	636,722
N65	20	10576	689,783	689,782
N70	20	13229	742,843	742,842
N75	20	15882	795,903	795,902
N80	20	18535	848,963	848,962
N85	20	21188	902,023	902,023
N90	20	23841	955,083	955,083
N95	20	26494	1,008,143	1,008,143
N100	20	29147	1,061,203	1,061,203
Running time : 0 h 0 m 0 sec

