./asm_stat.sh: line 18: ./stats/: No such file or directory
Genome Size: 2,128,226,567 bp
Processing file pre_ornana.fasta.fai

NG-XX values
NG	Size	Idx	Sum	NGVal
NG5	58,987,262	2	118,569,215	106,411,328
NG10	47,594,283	4	220,960,815	212,822,657
NG15	27,786,739	7	334,328,193	319,233,985
NG20	15,872,666	12	427,955,282	425,645,313
NG25	10,838,429	20	533,429,464	532,056,642
NG30	6,934,412	33	644,321,563	638,467,970
NG35	4,471,575	51	746,532,902	744,879,298
NG40	2,418,915	85	852,261,158	851,290,627
NG45	1,260,705	146	958,903,615	957,701,955
NG50	691,463	261	1,064,551,623	1,064,113,284
NG55	278,052	495	1,170,599,174	1,170,524,612
NG60	45,092	1717	1,276,944,859	1,276,935,940
NG65	26,270	4960	1,383,351,225	1,383,347,269
NG70	19,051	9752	1,489,763,153	1,489,758,597
NG75	13,734	16335	1,596,170,128	1,596,169,925
NG80	8,943	25823	1,702,587,019	1,702,581,254
NG85	4,211	43398	1,808,994,890	1,808,992,582
NG90	1,081	99478	1,915,404,432	1,915,403,910

Total num. bases:	1,995,590,303
Total num. contigs (scaffolds):	200,153
Max contig (scaffold) size:	59,581,953


N-XX values
N	Size	Idx	Sum	NVal
N5	58,987,262	2	118,569,215	99,779,515
N10	47,594,283	4	220,960,815	199,559,030
N15	40,039,088	6	306,541,454	299,338,545
N20	16,243,130	11	412,082,616	399,118,061
N25	12,745,677	17	500,050,831	498,897,576
N30	8,306,745	27	599,171,488	598,677,091
N35	5,755,698	42	700,445,661	698,456,606
N40	3,242,939	66	800,733,683	798,236,121
N45	1,855,979	107	899,350,827	898,015,636
N50	991,605	182	998,675,786	997,795,152
N55	557,057	315	1,098,010,331	1,097,574,667
N60	187,677	609	1,197,533,248	1,197,354,182
N65	39,240	2200	1,297,163,574	1,297,133,697
N70	25,154	5488	1,396,913,730	1,396,913,212
N75	18,658	10120	1,496,701,642	1,496,692,727
N80	13,722	16358	1,596,485,862	1,596,472,242
N85	9,248	25127	1,696,259,017	1,696,251,758
N90	4,580	40444	1,796,034,458	1,796,031,273
N95	1,259	82657	1,895,811,279	1,895,810,788
N100	108	200153	1,995,590,303	1,995,590,303
Running time : 0 h 0 m 0 sec

Processing file pre_ornana.fasta
Into pre_ornana.gaps
Total number of gaps: 243835
Running time : 0 h 0 m 26 sec

./asm_stat.sh: line 46: module: command not found
Genome Size: 2,128,226,567 bp
Processing file pre_ornana.contigs.len

NG-XX values
NG	Size	Idx	Sum	NGVal
NG5	56,587	1398	106,424,121	106,411,328
NG10	40,773	3650	212,833,408	212,822,657
NG15	32,112	6603	319,241,714	319,233,985
NG20	26,213	10281	425,667,115	425,645,313
NG25	21,850	14735	532,071,864	532,056,642
NG30	18,354	20054	638,469,307	638,467,970
NG35	15,440	26378	744,883,514	744,879,298
NG40	13,000	33896	851,301,203	851,290,627
NG45	10,830	42864	957,703,469	957,701,955
NG50	8,890	53701	1,064,117,063	1,064,113,284
NG55	6,988	67173	1,170,528,441	1,170,524,612
NG60	5,027	85057	1,276,938,326	1,276,935,940
NG65	3,351	111313	1,383,349,705	1,383,347,269
NG70	2,409	149025	1,489,759,212	1,489,758,597
NG75	1,708	201422	1,596,171,538	1,596,169,925
NG80	1,164	277267	1,702,581,901	1,702,581,254
NG85	752	391466	1,808,993,002	1,808,992,582

Total num. bases:	1,841,056,037
Total num. contigs (scaffolds):	443,982
Max contig (scaffold) size:	245,967


N-XX values
N	Size	Idx	Sum	NVal
N5	60,121	1152	92,095,412	92,052,802
N10	43,930	2971	184,110,967	184,105,604
N15	35,286	5323	276,186,065	276,158,406
N20	29,197	8204	368,220,962	368,211,207
N25	24,688	11641	460,268,194	460,264,009
N30	21,135	15677	552,317,630	552,316,811
N35	18,189	20377	644,370,194	644,369,613
N40	15,663	25835	736,437,294	736,422,415
N45	13,505	32173	828,480,047	828,475,217
N50	11,554	39540	920,534,476	920,528,019
N55	9,815	48188	1,012,581,709	1,012,580,820
N60	8,165	58457	1,104,639,424	1,104,633,622
N65	6,497	71055	1,196,691,942	1,196,686,424
N70	4,801	87460	1,288,743,452	1,288,739,226
N75	3,379	110553	1,380,792,396	1,380,792,028
N80	2,535	142180	1,472,847,105	1,472,844,830
N85	1,906	184085	1,564,899,052	1,564,897,631
N90	1,374	241178	1,656,951,138	1,656,950,433
N95	963	321056	1,749,003,839	1,749,003,235
N100	1	443982	1,841,056,037	1,841,056,037
Running time : 0 h 0 m 0 sec

Genome Size: 2,128,226,567 bp
Processing file -

NG-XX values
NG	Size	Idx	Sum	NGVal
NG5	1,036	57364	106,412,035	106,411,328

Total num. bases:	154,534,268
Total num. contigs (scaffolds):	243,835
Max contig (scaffold) size:	10,000


N-XX values
N	Size	Idx	Sum	NVal
N5	3,000	2532	7,729,000	7,726,713
N10	3,000	5107	15,454,000	15,453,427
N15	3,000	7683	23,182,000	23,180,140
N20	3,000	10258	30,907,000	30,906,854
N25	2,878	12843	38,634,706	38,633,567
N30	2,247	15920	46,360,791	46,360,280
N35	1,928	19643	54,088,286	54,086,994
N40	1,708	23913	61,815,210	61,813,707
N45	1,543	28678	69,540,667	69,540,421
N50	1,401	33939	77,267,884	77,267,134
N55	1,329	39603	84,994,635	84,993,847
N60	1,257	45579	92,721,397	92,720,561
N65	1,162	51934	100,447,527	100,447,274
N70	998	59096	108,174,477	108,173,988
N75	823	67599	115,901,373	115,900,701
N80	721	77682	123,628,047	123,627,414
N85	569	89597	131,354,377	131,354,128
N90	419	105397	139,080,911	139,080,841
N95	275	127908	146,807,599	146,807,555
N100	10	243835	154,534,268	154,534,268
Running time : 0 h 0 m 0 sec

