./asm_stat.sh: line 18: ./stats/: No such file or directory
Genome Size: 1,035,611,271 bp
Processing file pre_taegut.fasta.fai

NG-XX values
NG	Size	Idx	Sum	NGVal
NG5	156,412,533	1	156,412,533	51,780,564
NG10	156,412,533	1	156,412,533	103,561,127
NG15	156,412,533	1	156,412,533	155,341,691
NG20	118,548,696	2	274,961,229	207,122,254
NG25	118,548,696	2	274,961,229	258,902,818
NG30	112,617,285	3	387,578,514	310,683,381
NG35	112,617,285	3	387,578,514	362,463,945
NG40	73,657,157	4	461,235,671	414,244,508
NG45	72,861,351	5	534,097,022	466,025,072
NG50	72,861,351	5	534,097,022	517,805,636
NG55	69,780,378	6	603,877,400	569,586,199
NG60	62,374,962	7	666,252,362	621,366,763
NG65	39,844,632	8	706,096,994	673,147,326
NG70	36,305,782	9	742,402,776	724,927,890
NG75	27,241,186	11	797,637,389	776,708,453
NG80	21,403,021	13	840,616,920	828,489,017
NG85	20,704,505	15	882,128,093	880,269,580
NG90	14,428,146	19	945,589,761	932,050,144
NG95	8,021,379	23	988,048,732	983,830,707
NG100	814,535	42	1,035,730,251	1,035,611,271

Total num. bases:	1,232,118,738
Total num. contigs (scaffolds):	37,095
Max contig (scaffold) size:	156,412,533


N-XX values
N	Size	Idx	Sum	NVal
N5	156,412,533	1	156,412,533	61,605,937
N10	156,412,533	1	156,412,533	123,211,874
N15	118,548,696	2	274,961,229	184,817,811
N20	118,548,696	2	274,961,229	246,423,748
N25	112,617,285	3	387,578,514	308,029,685
N30	112,617,285	3	387,578,514	369,635,621
N35	73,657,157	4	461,235,671	431,241,558
N40	72,861,351	5	534,097,022	492,847,495
N45	69,780,378	6	603,877,400	554,453,432
N50	62,374,962	7	666,252,362	616,059,369
N55	39,844,632	8	706,096,994	677,665,306
N60	36,305,782	9	742,402,776	739,271,243
N65	21,576,510	12	819,213,899	800,877,180
N70	20,704,505	15	882,128,093	862,483,117
N75	15,652,063	18	931,161,615	924,089,054
N80	8,021,379	23	988,048,732	985,694,990
N85	88,543	104	1,047,371,867	1,047,300,927
N90	8,529	4627	1,108,907,770	1,108,906,864
N95	4,240	15004	1,170,513,291	1,170,512,801
N100	783	37095	1,232,118,738	1,232,118,738
Running time : 0 h 0 m 0 sec

Processing file pre_taegut.fasta
Into pre_taegut.gaps
Total number of gaps: 87710
Running time : 0 h 0 m 16 sec

./asm_stat.sh: line 46: module: command not found
Genome Size: 1,035,611,271 bp
Processing file pre_taegut.contigs.len

NG-XX values
NG	Size	Idx	Sum	NGVal
NG5	184,563	232	51,954,345	51,780,564
NG10	146,412	548	103,586,971	103,561,127
NG15	121,632	937	155,387,653	155,341,691
NG20	103,880	1402	207,222,500	207,122,254
NG25	90,240	1938	258,953,950	258,902,818
NG30	80,197	2549	310,749,231	310,683,381
NG35	70,770	3237	362,534,639	362,463,945
NG40	62,795	4013	414,272,885	414,244,508
NG45	55,739	4889	466,071,303	466,025,072
NG50	49,410	5876	517,833,502	517,805,636
NG55	43,413	6994	569,590,884	569,586,199
NG60	37,519	8276	621,377,509	621,366,763
NG65	32,360	9761	673,159,980	673,147,326
NG70	27,298	11506	724,942,021	724,927,890
NG75	22,496	13596	776,716,285	776,708,453
NG80	17,816	16173	828,497,842	828,489,017
NG85	13,126	19543	880,275,243	880,269,580
NG90	8,892	24335	932,054,972	932,050,144
NG95	5,947	31525	983,833,877	983,830,707
NG100	4,278	41892	1,035,612,846	1,035,611,271

Total num. bases:	1,222,847,838
Total num. contigs (scaffolds):	124,805
Max contig (scaffold) size:	424,635


N-XX values
N	Size	Idx	Sum	NVal
N5	176,390	283	61,176,937	61,142,392
N10	136,737	681	122,406,509	122,284,784
N15	110,552	1180	183,440,517	183,427,176
N20	93,438	1782	244,629,220	244,569,568
N25	80,919	2487	305,754,917	305,711,960
N30	69,976	3299	366,894,633	366,854,351
N35	60,850	4236	428,045,918	427,996,743
N40	52,733	5315	489,161,761	489,139,135
N45	45,648	6561	550,314,551	550,281,527
N50	38,644	8015	611,429,650	611,423,919
N55	32,428	9743	672,576,711	672,566,311
N60	26,417	11833	733,727,989	733,708,703
N65	20,880	14433	794,854,992	794,851,095
N70	15,371	17835	856,007,961	855,993,487
N75	10,023	22753	917,141,275	917,135,879
N80	6,184	30609	978,279,514	978,278,270
N85	4,185	42792	1,039,421,292	1,039,420,662
N90	2,988	60210	1,100,563,655	1,100,563,054
N95	2,175	84300	1,161,707,135	1,161,705,446
N100	105	124805	1,222,847,838	1,222,847,838
Running time : 0 h 0 m 0 sec

Genome Size: 1,035,611,271 bp
Processing file -

NG-XX values
NG	Size	Idx	Sum	NGVal

Total num. bases:	9,270,900
Total num. contigs (scaffolds):	87,710
Max contig (scaffold) size:	500,000


N-XX values
N	Size	Idx	Sum	NVal
N5	500,000	1	500,000	463,545
N10	100	4272	927,100	927,090
N15	100	8908	1,390,700	1,390,635
N20	100	13543	1,854,200	1,854,180
N25	100	18179	2,317,800	2,317,725
N30	100	22814	2,781,300	2,781,270
N35	100	27450	3,244,900	3,244,815
N40	100	32085	3,708,400	3,708,360
N45	100	36721	4,172,000	4,171,905
N50	100	41356	4,635,500	4,635,450
N55	100	45991	5,099,000	5,098,995
N60	100	50627	5,562,600	5,562,540
N65	100	55262	6,026,100	6,026,085
N70	100	59898	6,489,700	6,489,630
N75	100	64533	6,953,200	6,953,175
N80	100	69169	7,416,800	7,416,720
N85	100	73804	7,880,300	7,880,265
N90	100	78440	8,343,900	8,343,810
N95	100	83075	8,807,400	8,807,355
N100	100	87710	9,270,900	9,270,900
Running time : 0 h 0 m 0 sec

