./asm_stat.sh: line 18: ./stats/: No such file or directory
Genome Size: 2,128,226,567 bp
Processing file vgp_ornana.fasta.fai

NG-XX values
NG	Size	Idx	Sum	NGVal
NG5	186,506,016	1	186,506,016	106,411,328
NG10	171,719,663	2	358,225,679	212,822,657
NG15	171,719,663	2	358,225,679	319,233,985
NG20	141,987,082	3	500,212,761	425,645,313
NG25	136,094,389	4	636,307,150	532,056,642
NG30	125,040,914	5	761,348,064	638,467,970
NG35	125,040,914	5	761,348,064	744,879,298
NG40	110,293,030	6	871,641,094	851,290,627
NG45	70,949,814	8	1,025,928,951	957,701,955
NG50	70,139,320	9	1,096,068,271	1,064,113,284
NG55	61,861,223	11	1,221,435,525	1,170,524,612
NG60	60,456,049	12	1,281,891,574	1,276,935,940
NG65	52,889,406	14	1,394,225,676	1,383,347,269
NG70	46,397,275	16	1,492,116,443	1,489,758,597
NG75	42,294,642	19	1,624,632,256	1,596,169,925
NG80	30,535,534	22	1,724,151,667	1,702,581,254
NG85	8,639,456	26	1,813,343,107	1,808,992,582

Total num. bases:	1,858,535,571
Total num. contigs (scaffolds):	304
Max contig (scaffold) size:	186,506,016


N-XX values
N	Size	Idx	Sum	NVal
N5	186,506,016	1	186,506,016	92,926,779
N10	186,506,016	1	186,506,016	185,853,557
N15	171,719,663	2	358,225,679	278,780,336
N20	141,987,082	3	500,212,761	371,707,114
N25	141,987,082	3	500,212,761	464,633,893
N30	136,094,389	4	636,307,150	557,560,671
N35	125,040,914	5	761,348,064	650,487,450
N40	125,040,914	5	761,348,064	743,414,228
N45	110,293,030	6	871,641,094	836,341,007
N50	83,338,043	7	954,979,137	929,267,786
N55	70,949,814	8	1,025,928,951	1,022,194,564
N60	63,506,031	10	1,159,574,302	1,115,121,343
N65	61,861,223	11	1,221,435,525	1,208,048,121
N70	59,444,696	13	1,341,336,270	1,300,974,900
N75	52,889,406	14	1,394,225,676	1,393,901,678
N80	46,397,275	16	1,492,116,443	1,486,828,457
N85	44,684,501	18	1,582,337,614	1,579,755,235
N90	33,863,336	21	1,693,616,133	1,672,682,014
N95	26,375,019	24	1,780,188,792	1,765,608,792
N100	11,224	304	1,858,535,571	1,858,535,571
Running time : 0 h 0 m 0 sec

Processing file vgp_ornana.fasta
Into vgp_ornana.gaps
Total number of gaps: 522
Running time : 0 h 0 m 25 sec

./asm_stat.sh: line 46: module: command not found
Genome Size: 2,128,226,567 bp
Processing file vgp_ornana.contigs.len

NG-XX values
NG	Size	Idx	Sum	NGVal
NG5	44,018,448	2	112,384,113	106,411,328
NG10	36,850,947	5	231,516,298	212,822,657
NG15	34,943,411	8	336,969,177	319,233,985
NG20	28,046,726	11	428,849,971	425,645,313
NG25	23,757,332	15	532,146,428	532,056,642
NG30	20,741,605	20	642,550,788	638,467,970
NG35	18,710,313	26	759,562,099	744,879,298
NG40	16,134,771	32	863,854,303	851,290,627
NG45	14,534,411	39	970,086,777	957,701,955
NG50	12,418,282	46	1,064,879,254	1,064,113,284
NG55	10,579,773	56	1,175,147,195	1,170,524,612
NG60	8,632,154	67	1,277,409,888	1,276,935,940
NG65	6,254,386	82	1,384,981,912	1,383,347,269
NG70	4,733,337	102	1,490,428,172	1,489,758,597
NG75	3,171,954	130	1,597,159,801	1,596,169,925
NG80	1,690,319	175	1,703,691,087	1,702,581,254
NG85	214,157	341	1,809,145,266	1,808,992,582

Total num. bases:	1,843,375,753
Total num. contigs (scaffolds):	826
Max contig (scaffold) size:	68,365,665


N-XX values
N	Size	Idx	Sum	NVal
N5	44,018,448	2	112,384,113	92,168,788
N10	39,009,741	4	194,665,351	184,337,575
N15	35,034,730	7	302,025,766	276,506,363
N20	32,474,949	9	369,444,126	368,675,151
N25	27,419,791	13	484,228,559	460,843,938
N30	23,687,477	16	555,833,905	553,012,726
N35	20,041,348	21	662,592,136	645,181,514
N40	18,856,478	25	740,851,786	737,350,301
N45	17,364,598	30	831,386,230	829,519,089
N50	15,146,802	36	925,665,268	921,687,877
N55	13,923,954	43	1,026,559,974	1,013,856,664
N60	11,047,949	50	1,110,451,086	1,106,025,452
N65	9,683,371	59	1,204,734,181	1,198,194,239
N70	8,221,972	69	1,294,004,430	1,290,363,027
N75	6,254,386	82	1,384,981,912	1,382,531,815
N80	4,928,928	99	1,475,953,990	1,474,700,602
N85	3,614,155	121	1,567,403,104	1,566,869,390
N90	2,293,650	153	1,659,586,304	1,659,038,178
N95	848,111	217	1,751,978,885	1,751,206,965
N100	1	826	1,843,375,753	1,843,375,753
Running time : 0 h 0 m 0 sec

Genome Size: 2,128,226,567 bp
Processing file -

NG-XX values
NG	Size	Idx	Sum	NGVal

Total num. bases:	15,159,818
Total num. contigs (scaffolds):	522
Max contig (scaffold) size:	1,622,067


N-XX values
N	Size	Idx	Sum	NVal
N5	1,622,067	1	1,622,067	757,991
N10	1,622,067	1	1,622,067	1,515,982
N15	1,262,721	2	2,884,788	2,273,973
N20	1,038,370	3	3,923,158	3,031,964
N25	1,038,370	3	3,923,158	3,789,955
N30	1,013,391	4	4,936,549	4,547,945
N35	863,714	5	5,800,263	5,305,936
N40	836,317	6	6,636,580	6,063,927
N45	612,867	7	7,249,447	6,821,918
N50	580,424	8	7,829,871	7,579,909
N55	570,836	9	8,400,707	8,337,900
N60	435,026	11	9,285,647	9,095,891
N65	289,345	13	9,925,916	9,853,882
N70	281,958	16	10,781,586	10,611,873
N75	223,607	19	11,482,953	11,369,864
N80	201,829	23	12,299,069	12,127,854
N85	151,722	27	13,009,116	12,885,845
N90	121,000	32	13,701,323	13,643,836
N95	82,885	40	14,481,893	14,401,827
N100	1	522	15,159,818	15,159,818
Running time : 0 h 0 m 0 sec

