./asm_stat.sh: line 18: ./stats/: No such file or directory
Genome Size: 662,696,525 bp
Processing file vgp_anates.fasta.fai

NG-XX values
NG	Size	Idx	Sum	NGVal
NG5	34,285,027	1	34,285,027	33,134,826
NG10	28,519,589	3	93,885,531	66,269,653
NG15	27,937,778	4	121,823,309	99,404,479
NG20	27,357,120	5	149,180,429	132,539,305
NG25	26,719,370	6	175,899,799	165,674,131
NG30	26,090,302	7	201,990,101	198,808,958
NG35	25,106,443	9	253,009,385	231,943,784
NG40	25,063,394	10	278,072,779	265,078,610
NG45	24,496,341	11	302,569,120	298,213,436
NG50	23,456,640	13	350,459,935	331,348,263
NG55	23,416,631	14	373,876,566	364,483,089
NG60	21,921,250	16	418,160,784	397,617,915
NG65	21,832,553	17	439,993,337	430,752,741
NG70	19,933,469	19	480,909,283	463,887,568
NG75	19,875,000	20	500,784,283	497,022,394
NG80	18,693,732	22	538,872,356	530,157,220

Total num. bases:	555,641,398
Total num. contigs (scaffolds):	50
Max contig (scaffold) size:	34,285,027


N-XX values
N	Size	Idx	Sum	NVal
N5	34,285,027	1	34,285,027	27,782,070
N10	31,080,915	2	65,365,942	55,564,140
N15	28,519,589	3	93,885,531	83,346,210
N20	27,937,778	4	121,823,309	111,128,280
N25	27,357,120	5	149,180,429	138,910,350
N30	26,719,370	6	175,899,799	166,692,419
N35	26,090,302	7	201,990,101	194,474,489
N40	25,912,841	8	227,902,942	222,256,559
N45	25,106,443	9	253,009,385	250,038,629
N50	25,063,394	10	278,072,779	277,820,699
N55	24,434,175	12	327,003,295	305,602,769
N60	23,456,640	13	350,459,935	333,384,839
N65	23,416,631	14	373,876,566	361,166,909
N70	22,362,968	15	396,239,534	388,948,979
N75	21,921,250	16	418,160,784	416,731,049
N80	20,982,477	18	460,975,814	444,513,118
N85	19,933,469	19	480,909,283	472,295,188
N90	19,875,000	20	500,784,283	500,077,258
N95	18,693,732	22	538,872,356	527,859,328
N100	12,604	50	555,641,398	555,641,398
Running time : 0 h 0 m 0 sec

Processing file vgp_anates.fasta
Into vgp_anates.gaps
Total number of gaps: 266
Running time : 0 h 0 m 6 sec

./asm_stat.sh: line 46: module: command not found
Genome Size: 662,696,525 bp
Processing file vgp_anates.contigs.len

NG-XX values
NG	Size	Idx	Sum	NGVal
NG5	16,547,937	2	33,515,490	33,134,826
NG10	13,924,797	5	78,235,757	66,269,653
NG15	13,162,300	7	105,286,316	99,404,479
NG20	12,152,664	10	142,834,865	132,539,305
NG25	11,667,315	12	166,225,888	165,674,131
NG30	9,895,480	16	208,030,384	198,808,958
NG35	8,939,830	19	235,393,573	231,943,784
NG40	7,965,335	23	268,517,365	265,078,610
NG45	6,034,037	28	302,174,040	298,213,436
NG50	4,568,778	34	332,503,450	331,348,263
NG55	3,597,233	42	366,770,804	364,483,089
NG60	2,848,346	52	397,975,082	397,617,915
NG65	1,966,023	67	432,215,967	430,752,741
NG70	1,498,377	86	464,328,386	463,887,568
NG75	960,416	113	497,122,923	497,022,394
NG80	366,866	170	530,339,199	530,157,220

Total num. bases:	552,034,902
Total num. contigs (scaffolds):	316
Max contig (scaffold) size:	16,967,553


N-XX values
N	Size	Idx	Sum	NVal
N5	16,547,937	2	33,515,490	27,601,745
N10	14,543,312	4	64,310,960	55,203,490
N15	13,888,259	6	92,124,016	82,805,235
N20	13,033,220	8	118,319,536	110,406,980
N25	12,152,664	10	142,834,865	138,008,726
N30	11,667,315	12	166,225,888	165,610,471
N35	10,065,004	15	198,134,904	193,212,216
N40	9,133,727	18	226,453,743	220,813,961
N45	8,395,810	21	252,222,990	248,415,706
N50	7,055,436	25	282,783,183	276,017,451
N55	5,695,042	29	307,869,082	303,619,196
N60	4,568,778	34	332,503,450	331,220,941
N65	4,309,590	40	359,019,485	358,822,686
N70	2,980,622	48	386,500,167	386,424,431
N75	2,184,818	59	415,718,999	414,026,176
N80	1,786,291	73	443,331,817	441,627,922
N85	1,410,520	90	470,049,373	469,229,667
N90	960,416	113	497,122,923	496,831,412
N95	450,263	156	524,620,127	524,433,157
N100	12,604	316	552,034,902	552,034,902
Running time : 0 h 0 m 0 sec

Genome Size: 662,696,525 bp
Processing file -

NG-XX values
NG	Size	Idx	Sum	NGVal

Total num. bases:	3,606,496
Total num. contigs (scaffolds):	266
Max contig (scaffold) size:	482,892


N-XX values
N	Size	Idx	Sum	NVal
N5	482,892	1	482,892	180,325
N10	482,892	1	482,892	360,650
N15	218,875	2	701,767	540,974
N20	204,807	3	906,574	721,299
N25	204,807	3	906,574	901,624
N30	194,178	4	1,100,752	1,081,949
N35	187,096	5	1,287,848	1,262,274
N40	164,981	6	1,452,829	1,442,598
N45	131,355	8	1,724,035	1,622,923
N50	110,000	9	1,834,035	1,803,248
N55	95,224	11	2,027,640	1,983,573
N60	85,092	13	2,204,311	2,163,898
N65	83,548	15	2,372,838	2,344,222
N70	73,169	18	2,594,341	2,524,547
N75	64,321	20	2,729,022	2,704,872
N80	56,079	23	2,912,024	2,885,197
N85	50,000	26	3,066,291	3,065,522
N90	44,737	30	3,255,648	3,245,846
N95	31,881	35	3,452,332	3,426,171
N100	25	266	3,606,496	3,606,496
Running time : 0 h 0 m 0 sec

