./asm_stat.sh: line 18: ./stats/: No such file or directory
Genome Size: 1,035,611,271 bp
Processing file vgp_taegut.fasta.fai

NG-XX values
NG	Size	Idx	Sum	NGVal
NG5	150,688,799	1	150,688,799	51,780,564
NG10	150,688,799	1	150,688,799	103,561,127
NG15	114,557,415	2	265,246,214	155,341,691
NG20	114,557,415	2	265,246,214	207,122,254
NG25	114,557,415	2	265,246,214	258,902,818
NG30	113,228,359	3	378,474,573	310,683,381
NG35	113,228,359	3	378,474,573	362,463,945
NG40	75,459,706	4	453,934,279	414,244,508
NG45	71,552,918	5	525,487,197	466,025,072
NG50	71,552,918	5	525,487,197	517,805,636
NG55	70,430,603	6	595,917,800	569,586,199
NG60	62,005,366	7	657,923,166	621,366,763
NG65	38,060,014	8	695,983,180	673,147,326
NG70	35,665,034	9	731,648,214	724,927,890
NG75	25,575,665	11	789,833,907	776,708,453
NG80	21,012,354	13	832,863,272	828,489,017
NG85	18,281,482	16	891,404,719	880,269,580
NG90	14,326,562	19	938,083,515	932,050,144
NG95	7,666,385	24	985,954,090	983,830,707
NG100	2,911,363	34	1,035,956,761	1,035,611,271

Total num. bases:	1,057,995,280
Total num. contigs (scaffolds):	134
Max contig (scaffold) size:	150,688,799


N-XX values
N	Size	Idx	Sum	NVal
N5	150,688,799	1	150,688,799	52,899,764
N10	150,688,799	1	150,688,799	105,799,528
N15	114,557,415	2	265,246,214	158,699,292
N20	114,557,415	2	265,246,214	211,599,056
N25	114,557,415	2	265,246,214	264,498,820
N30	113,228,359	3	378,474,573	317,398,584
N35	113,228,359	3	378,474,573	370,298,348
N40	75,459,706	4	453,934,279	423,198,112
N45	71,552,918	5	525,487,197	476,097,876
N50	70,430,603	6	595,917,800	528,997,640
N55	70,430,603	6	595,917,800	581,897,404
N60	62,005,366	7	657,923,166	634,797,168
N65	38,060,014	8	695,983,180	687,696,932
N70	32,610,028	10	764,258,242	740,596,696
N75	22,017,011	12	811,850,918	793,496,460
N80	20,435,652	14	853,298,924	846,396,224
N85	16,673,467	17	908,078,186	899,295,988
N90	11,044,519	21	960,815,236	952,195,752
N95	6,094,608	27	1,005,737,808	1,005,095,516
Running time : 0 h 0 m 0 sec

Processing file vgp_taegut.fasta
Into vgp_taegut.gaps
Total number of gaps: 312
Running time : 0 h 0 m 12 sec

./asm_stat.sh: line 46: module: command not found
Genome Size: 1,035,611,271 bp
Processing file vgp_taegut.contigs.len

NG-XX values
NG	Size	Idx	Sum	NGVal
NG5	65,488,862	1	65,488,862	51,780,564
NG10	45,191,296	2	110,680,158	103,561,127
NG15	41,714,994	4	196,537,756	155,341,691
NG20	31,802,045	5	228,339,801	207,122,254
NG25	24,264,338	7	280,903,319	258,902,818
NG30	20,108,347	9	322,408,054	310,683,381
NG35	19,146,455	12	379,904,632	362,463,945
NG40	17,574,424	14	416,391,262	414,244,508
NG45	16,410,671	17	466,735,087	466,025,072
NG50	12,079,046	21	521,849,192	517,805,636
NG55	11,017,405	26	578,483,452	569,586,199
NG60	9,209,377	31	626,871,750	621,366,763
NG65	7,937,293	37	676,348,726	673,147,326
NG70	6,913,830	44	727,120,530	724,927,890
NG75	5,249,558	53	781,318,572	776,708,453
NG80	4,167,232	64	832,163,198	828,489,017
NG85	3,108,610	78	882,950,700	880,269,580
NG90	2,048,501	98	933,503,419	932,050,144
NG95	1,194,872	130	984,654,092	983,830,707
NG100	245,623	218	1,035,736,807	1,035,611,271

Total num. bases:	1,055,661,030
Total num. contigs (scaffolds):	446
Max contig (scaffold) size:	65,488,862


N-XX values
N	Size	Idx	Sum	NVal
N5	65,488,862	1	65,488,862	52,783,052
N10	45,191,296	2	110,680,158	105,566,103
N15	41,714,994	4	196,537,756	158,349,155
N20	31,802,045	5	228,339,801	211,132,206
N25	24,264,338	7	280,903,319	263,915,258
N30	20,108,347	9	322,408,054	316,698,309
N35	19,146,455	12	379,904,632	369,481,361
N40	17,277,863	15	433,669,125	422,264,412
N45	14,780,563	18	481,515,650	475,047,464
N50	11,998,827	22	533,848,019	527,830,515
N55	10,122,395	27	588,605,847	580,613,567
N60	8,863,056	32	635,734,806	633,396,618
N65	7,843,045	39	692,074,190	686,179,670
N70	6,834,104	46	740,855,762	738,962,721
N75	4,938,192	56	796,430,802	791,745,773
N80	3,746,841	68	847,933,691	844,528,824
N85	2,895,055	83	897,977,481	897,311,876
N90	1,805,279	107	950,373,448	950,094,927
N95	871,718	148	1,003,535,394	1,002,877,979
Running time : 0 h 0 m 0 sec

Genome Size: 1,035,611,271 bp
Processing file -

NG-XX values
NG	Size	Idx	Sum	NGVal

Total num. bases:	2,334,250
Total num. contigs (scaffolds):	312
Max contig (scaffold) size:	535,815


N-XX values
N	Size	Idx	Sum	NVal
N5	535,815	1	535,815	116,713
N10	535,815	1	535,815	233,425
N15	535,815	1	535,815	350,138
N20	535,815	1	535,815	466,850
N25	338,035	2	873,850	583,563
N30	338,035	2	873,850	700,275
N35	338,035	2	873,850	816,988
N40	314,118	3	1,187,968	933,700
N45	314,118	3	1,187,968	1,050,413
N50	314,118	3	1,187,968	1,167,125
N55	308,612	4	1,496,580	1,283,838
N60	308,612	4	1,496,580	1,400,550
N65	107,706	5	1,604,286	1,517,263
N70	73,410	6	1,677,696	1,633,975
N75	64,112	8	1,812,308	1,750,688
N80	45,418	10	1,907,611	1,867,400
N85	36,061	13	2,018,127	1,984,113
N90	29,149	16	2,113,368	2,100,825
N95	17,707	21	2,223,139	2,217,538
N100	1	312	2,334,250	2,334,250
Running time : 0 h 0 m 0 sec

