./asm_stat.sh: line 18: ./stats/: No such file or directory
Genome Size: 1,116,472,572 bp
Processing file vgp_calann.fasta.fai

NG-XX values
NG	Size	Idx	Sum	NGVal
NG5	197,551,010	1	197,551,010	55,823,629
NG10	197,551,010	1	197,551,010	111,647,257
NG15	197,551,010	1	197,551,010	167,470,886
NG20	151,342,139	2	348,893,149	223,294,514
NG25	151,342,139	2	348,893,149	279,118,143
NG30	151,342,139	2	348,893,149	334,941,772
NG35	114,810,999	3	463,704,148	390,765,400
NG40	114,810,999	3	463,704,148	446,589,029
NG45	74,081,004	4	537,785,152	502,412,657
NG50	44,745,344	5	582,530,496	558,236,286
NG55	43,880,846	6	626,411,342	614,059,915
NG60	35,401,958	8	700,952,514	669,883,543
NG65	31,090,148	9	732,042,662	725,707,172
NG70	25,686,456	11	784,177,895	781,530,800
NG75	21,352,500	14	851,486,730	837,354,429
NG80	17,696,115	17	908,082,311	893,178,058
NG85	15,116,875	20	955,342,132	949,001,686
NG90	7,710,055	25	1,010,196,729	1,004,825,315

Total num. bases:	1,059,687,259
Total num. contigs (scaffolds):	159
Max contig (scaffold) size:	197,551,010


N-XX values
N	Size	Idx	Sum	NVal
N5	197,551,010	1	197,551,010	52,984,363
N10	197,551,010	1	197,551,010	105,968,726
N15	197,551,010	1	197,551,010	158,953,089
N20	151,342,139	2	348,893,149	211,937,452
N25	151,342,139	2	348,893,149	264,921,815
N30	151,342,139	2	348,893,149	317,906,178
N35	114,810,999	3	463,704,148	370,890,541
N40	114,810,999	3	463,704,148	423,874,904
N45	74,081,004	4	537,785,152	476,859,267
N50	74,081,004	4	537,785,152	529,843,630
N55	43,880,846	6	626,411,342	582,827,992
N60	39,139,214	7	665,550,556	635,812,355
N65	35,401,958	8	700,952,514	688,796,718
N70	26,448,777	10	758,491,439	741,781,081
N75	23,291,945	12	807,469,840	794,765,444
N80	21,352,500	14	851,486,730	847,749,807
N85	17,696,115	17	908,082,311	900,734,170
N90	15,116,875	20	955,342,132	953,718,533
N95	7,710,055	25	1,010,196,729	1,006,702,896
N100	4,777	159	1,059,687,259	1,059,687,259
Running time : 0 h 0 m 0 sec

Processing file vgp_calann.fasta
Into vgp_calann.gaps
Total number of gaps: 429
Running time : 0 h 0 m 15 sec

./asm_stat.sh: line 46: module: command not found
Genome Size: 1,116,472,572 bp
Processing file vgp_calann.contigs.len

NG-XX values
NG	Size	Idx	Sum	NGVal
NG5	46,253,757	2	95,001,622	55,823,629
NG10	39,664,574	3	134,666,196	111,647,257
NG15	38,440,456	4	173,106,652	167,470,886
NG20	30,106,608	6	237,209,402	223,294,514
NG25	27,664,910	8	293,519,678	279,118,143
NG30	22,664,253	10	340,771,416	334,941,772
NG35	18,309,418	13	402,027,962	390,765,400
NG40	16,289,977	16	453,007,419	446,589,029
NG45	14,634,313	20	514,576,800	502,412,657
NG50	12,771,857	24	568,216,487	558,236,286
NG55	11,962,546	28	617,649,645	614,059,915
NG60	9,351,889	33	671,236,580	669,883,543
NG65	6,434,878	40	725,778,113	725,707,172
NG70	4,548,147	51	785,585,726	781,530,800
NG75	2,810,269	67	837,718,357	837,354,429
NG80	1,876,621	92	893,720,842	893,178,058
NG85	1,065,548	131	949,669,347	949,001,686
NG90	359,069	225	1,004,839,849	1,004,825,315

Total num. bases:	1,043,590,471
Total num. contigs (scaffolds):	588
Max contig (scaffold) size:	48,747,865


N-XX values
N	Size	Idx	Sum	NVal
N5	46,253,757	2	95,001,622	52,179,524
N10	39,664,574	3	134,666,196	104,359,047
N15	38,440,456	4	173,106,652	156,538,571
N20	30,106,608	6	237,209,402	208,718,094
N25	28,645,366	7	265,854,768	260,897,618
N30	24,587,485	9	318,107,163	313,077,141
N35	21,269,747	12	383,718,544	365,256,665
N40	17,855,283	14	419,883,245	417,436,188
N45	15,838,005	18	485,022,396	469,615,712
N50	14,522,327	21	529,099,127	521,795,236
N55	12,763,677	25	580,980,164	573,974,759
N60	11,922,707	29	629,572,352	626,154,283
N65	9,235,121	34	680,471,701	678,333,806
N70	6,418,211	41	732,196,324	730,513,330
N75	4,548,147	51	785,585,726	782,692,853
N80	2,836,746	66	834,908,088	834,872,377
N85	2,018,964	89	888,022,723	887,051,900
N90	1,243,174	122	939,684,212	939,231,424
N95	472,427	192	991,574,227	991,410,947
Running time : 0 h 0 m 0 sec

Genome Size: 1,116,472,572 bp
Processing file -

NG-XX values
NG	Size	Idx	Sum	NGVal

Total num. bases:	16,096,788
Total num. contigs (scaffolds):	429
Max contig (scaffold) size:	664,828


N-XX values
N	Size	Idx	Sum	NVal
N5	631,559	2	1,296,387	804,839
N10	490,000	3	1,786,387	1,609,679
N15	399,129	5	2,626,352	2,414,518
N20	386,326	7	3,404,546	3,219,358
N25	341,559	9	4,108,199	4,024,197
N30	302,537	12	5,081,843	4,829,036
N35	290,000	14	5,671,843	5,633,876
N40	273,232	17	6,510,950	6,438,715
N45	255,622	20	7,288,483	7,243,555
N50	234,592	24	8,260,446	8,048,394
N55	228,628	27	8,957,614	8,853,233
N60	207,051	31	9,808,080	9,658,073
N65	176,978	35	10,535,247	10,462,912
N70	155,186	40	11,346,123	11,267,752
N75	122,020	46	12,190,242	12,072,591
N80	107,903	53	12,978,047	12,877,430
N85	97,221	60	13,685,258	13,682,270
N90	78,007	70	14,546,392	14,487,109
N95	60,000	81	15,312,930	15,291,949
N100	1	429	16,096,788	16,096,788
Running time : 0 h 0 m 0 sec

